Traceback (most recent call last):
  File "/opt/hostedtoolcache/Python/3.9.16/x64/lib/python3.9/site-packages/jupyter_cache/executors/utils.py", line 58, in single_nb_execution
    executenb(
  File "/opt/hostedtoolcache/Python/3.9.16/x64/lib/python3.9/site-packages/nbclient/client.py", line 1305, in execute
    return NotebookClient(nb=nb, resources=resources, km=km, **kwargs).execute()
  File "/opt/hostedtoolcache/Python/3.9.16/x64/lib/python3.9/site-packages/jupyter_core/utils/__init__.py", line 166, in wrapped
    return loop.run_until_complete(inner)
  File "/opt/hostedtoolcache/Python/3.9.16/x64/lib/python3.9/asyncio/base_events.py", line 647, in run_until_complete
    return future.result()
  File "/opt/hostedtoolcache/Python/3.9.16/x64/lib/python3.9/site-packages/nbclient/client.py", line 705, in async_execute
    await self.async_execute_cell(
  File "/opt/hostedtoolcache/Python/3.9.16/x64/lib/python3.9/site-packages/nbclient/client.py", line 1058, in async_execute_cell
    await self._check_raise_for_error(cell, cell_index, exec_reply)
  File "/opt/hostedtoolcache/Python/3.9.16/x64/lib/python3.9/site-packages/nbclient/client.py", line 914, in _check_raise_for_error
    raise CellExecutionError.from_cell_and_msg(cell, exec_reply_content)
nbclient.exceptions.CellExecutionError: An error occurred while executing the following cell:
------------------
#@title Import data from GitHub (mlp_class) { display-mode: "form" }
#@markdown Install GpyTorch.

#@markdown Files from GitHub:
#@markdown - **qm_coord.npy** (2100, 14, 3)
#@markdown - **qm_elem.txt** ([8, 6, 6, 6, 6, 6, 1, 1, 1, 1, 1, 1, 1, 1])
#@markdown - PM3
#@markdown  - **energy_sqm.npy** (2100,)
#@markdown  - **qm_grad_sqm.npy** (2100, 14, 3)

#@markdown - B3LYP/6-31+G*
#@markdown  - **energy.npy**  (2100,)
#@markdown  - **qm_grad.npy** (2100, 14, 3)

%%capture
!rm *py*
!rm qm_elem.txt
!rm -r sample_data
!wget https://github.com/cc-ats/mlp_class/raw/main/Claisen_Rearrangement/energy.npy
!wget https://github.com/cc-ats/mlp_class/raw/main/Claisen_Rearrangement/energy_sqm.npy
!wget https://github.com/cc-ats/mlp_class/raw/main/Claisen_Rearrangement/qm_grad.npy
!wget https://github.com/cc-ats/mlp_class/raw/main/Claisen_Rearrangement/qm_grad_sqm.npy
!wget https://github.com/cc-ats/mlp_class/raw/main/Claisen_Rearrangement/qm_coord.npy
!wget https://github.com/cc-ats/mlp_class/raw/main/Claisen_Rearrangement/qm_elem.txt

!pip install pytorch-lightning > /dev/null
!pip install gpytorch > /dev/null
------------------

----- stderr -----
UsageError: Line magic function `%%capture` not found.
------------------



